<?xml version="1.0" encoding="UTF-8"?>
<testsuite xmlns:xsi="http://www.w3.org/2001/XMLSchema-instance" xsi:noNamespaceSchemaLocation="https://maven.apache.org/surefire/maven-surefire-plugin/xsd/surefire-test-report-3.0.xsd" version="3.0" name="TestSuite" time="37.446" tests="1" errors="0" skipped="0" failures="0">
  <properties>
    <property name="gwSUITE" value="gwTestSuite/dsfdsf.xml"/>
    <property name="gwAPPLICATION" value="BillingCenter"/>
    <property name="java.specification.version" value="17"/>
    <property name="webdriver.chrome.driver" value="C:\Users\Lenovo\.m2\repository\webdriver\chromedriver\win32\100.0.4896.60\chromedriver.exe"/>
    <property name="sun.cpu.isalist" value="amd64"/>
    <property name="sun.jnu.encoding" value="Cp1252"/>
    <property name="sun.awt.enableExtraMouseButtons" value="true"/>
    <property name="java.class.path" value="C:\Users\Lenovo\IdeaProjects\CIG\target\test-classes;C:\Users\Lenovo\IdeaProjects\CIG\target\classes;C:\Users\Lenovo\.m2\repository\org\seleniumhq\selenium\selenium-java\3.141.59\selenium-java-3.141.59.jar;C:\Users\Lenovo\.m2\repository\org\seleniumhq\selenium\selenium-api\3.141.59\selenium-api-3.141.59.jar;C:\Users\Lenovo\.m2\repository\org\seleniumhq\selenium\selenium-chrome-driver\3.141.59\selenium-chrome-driver-3.141.59.jar;C:\Users\Lenovo\.m2\repository\org\seleniumhq\selenium\selenium-edge-driver\3.141.59\selenium-edge-driver-3.141.59.jar;C:\Users\Lenovo\.m2\repository\org\seleniumhq\selenium\selenium-firefox-driver\3.141.59\selenium-firefox-driver-3.141.59.jar;C:\Users\Lenovo\.m2\repository\org\seleniumhq\selenium\selenium-ie-driver\3.141.59\selenium-ie-driver-3.141.59.jar;C:\Users\Lenovo\.m2\repository\org\seleniumhq\selenium\selenium-opera-driver\3.141.59\selenium-opera-driver-3.141.59.jar;C:\Users\Lenovo\.m2\repository\org\seleniumhq\selenium\selenium-remote-driver\3.141.59\selenium-remote-driver-3.141.59.jar;C:\Users\Lenovo\.m2\repository\org\seleniumhq\selenium\selenium-safari-driver\3.141.59\selenium-safari-driver-3.141.59.jar;C:\Users\Lenovo\.m2\repository\org\seleniumhq\selenium\selenium-support\3.141.59\selenium-support-3.141.59.jar;C:\Users\Lenovo\.m2\repository\net\bytebuddy\byte-buddy\1.8.15\byte-buddy-1.8.15.jar;C:\Users\Lenovo\.m2\repository\org\apache\commons\commons-exec\1.3\commons-exec-1.3.jar;C:\Users\Lenovo\.m2\repository\com\google\guava\guava\25.0-jre\guava-25.0-jre.jar;C:\Users\Lenovo\.m2\repository\com\google\code\findbugs\jsr305\1.3.9\jsr305-1.3.9.jar;C:\Users\Lenovo\.m2\repository\org\checkerframework\checker-compat-qual\2.0.0\checker-compat-qual-2.0.0.jar;C:\Users\Lenovo\.m2\repository\com\google\errorprone\error_prone_annotations\2.1.3\error_prone_annotations-2.1.3.jar;C:\Users\Lenovo\.m2\repository\com\google\j2objc\j2objc-annotations\1.1\j2objc-annotations-1.1.jar;C:\Users\Lenovo\.m2\repository\org\codehaus\mojo\animal-sniffer-annotations\1.14\animal-sniffer-annotations-1.14.jar;C:\Users\Lenovo\.m2\repository\com\squareup\okhttp3\okhttp\3.11.0\okhttp-3.11.0.jar;C:\Users\Lenovo\.m2\repository\com\squareup\okio\okio\1.14.0\okio-1.14.0.jar;C:\Users\Lenovo\.m2\repository\io\appium\java-client\7.4.1\java-client-7.4.1.jar;C:\Users\Lenovo\.m2\repository\com\google\code\gson\gson\2.8.6\gson-2.8.6.jar;C:\Users\Lenovo\.m2\repository\org\apache\httpcomponents\httpclient\4.5.13\httpclient-4.5.13.jar;C:\Users\Lenovo\.m2\repository\org\apache\httpcomponents\httpcore\4.4.13\httpcore-4.4.13.jar;C:\Users\Lenovo\.m2\repository\commons-codec\commons-codec\1.11\commons-codec-1.11.jar;C:\Users\Lenovo\.m2\repository\cglib\cglib\3.3.0\cglib-3.3.0.jar;C:\Users\Lenovo\.m2\repository\org\ow2\asm\asm\7.1\asm-7.1.jar;C:\Users\Lenovo\.m2\repository\org\springframework\spring-context\5.3.1\spring-context-5.3.1.jar;C:\Users\Lenovo\.m2\repository\org\springframework\spring-aop\5.3.1\spring-aop-5.3.1.jar;C:\Users\Lenovo\.m2\repository\org\springframework\spring-beans\5.3.1\spring-beans-5.3.1.jar;C:\Users\Lenovo\.m2\repository\org\springframework\spring-core\5.3.1\spring-core-5.3.1.jar;C:\Users\Lenovo\.m2\repository\org\springframework\spring-jcl\5.3.1\spring-jcl-5.3.1.jar;C:\Users\Lenovo\.m2\repository\org\springframework\spring-expression\5.3.1\spring-expression-5.3.1.jar;C:\Users\Lenovo\.m2\repository\org\aspectj\aspectjweaver\1.9.6\aspectjweaver-1.9.6.jar;C:\Users\Lenovo\.m2\repository\org\slf4j\slf4j-api\1.7.30\slf4j-api-1.7.30.jar;C:\Users\Lenovo\.m2\repository\io\rest-assured\rest-assured\4.3.0\rest-assured-4.3.0.jar;C:\Users\Lenovo\.m2\repository\org\codehaus\groovy\groovy\3.0.2\groovy-3.0.2.jar;C:\Users\Lenovo\.m2\repository\org\codehaus\groovy\groovy-xml\3.0.2\groovy-xml-3.0.2.jar;C:\Users\Lenovo\.m2\repository\org\apache\httpcomponents\httpmime\4.5.3\httpmime-4.5.3.jar;C:\Users\Lenovo\.m2\repository\org\hamcrest\hamcrest\2.1\hamcrest-2.1.jar;C:\Users\Lenovo\.m2\repository\org\ccil\cowan\tagsoup\tagsoup\1.2.1\tagsoup-1.2.1.jar;C:\Users\Lenovo\.m2\repository\io\rest-assured\json-path\4.3.0\json-path-4.3.0.jar;C:\Users\Lenovo\.m2\repository\org\codehaus\groovy\groovy-json\3.0.2\groovy-json-3.0.2.jar;C:\Users\Lenovo\.m2\repository\io\rest-assured\rest-assured-common\4.3.0\rest-assured-common-4.3.0.jar;C:\Users\Lenovo\.m2\repository\io\rest-assured\xml-path\4.3.0\xml-path-4.3.0.jar;C:\Users\Lenovo\.m2\repository\jakarta\xml\bind\jakarta.xml.bind-api\2.3.2\jakarta.xml.bind-api-2.3.2.jar;C:\Users\Lenovo\.m2\repository\jakarta\activation\jakarta.activation-api\1.2.1\jakarta.activation-api-1.2.1.jar;C:\Users\Lenovo\.m2\repository\com\sun\xml\bind\jaxb-osgi\2.3.0.1\jaxb-osgi-2.3.0.1.jar;C:\Users\Lenovo\.m2\repository\org\apache\sling\org.apache.sling.javax.activation\0.1.0\org.apache.sling.javax.activation-0.1.0.jar;C:\Users\Lenovo\.m2\repository\org\apache\commons\commons-lang3\3.9\commons-lang3-3.9.jar;C:\Users\Lenovo\.m2\repository\commons-validator\commons-validator\1.6\commons-validator-1.6.jar;C:\Users\Lenovo\.m2\repository\commons-beanutils\commons-beanutils\1.9.2\commons-beanutils-1.9.2.jar;C:\Users\Lenovo\.m2\repository\commons-digester\commons-digester\1.8.1\commons-digester-1.8.1.jar;C:\Users\Lenovo\.m2\repository\commons-logging\commons-logging\1.2\commons-logging-1.2.jar;C:\Users\Lenovo\.m2\repository\commons-collections\commons-collections\3.2.2\commons-collections-3.2.2.jar;C:\Users\Lenovo\.m2\repository\commons-io\commons-io\2.7\commons-io-2.7.jar;C:\Users\Lenovo\.m2\repository\io\github\bonigarcia\webdrivermanager\3.7.1\webdrivermanager-3.7.1.jar;C:\Users\Lenovo\.m2\repository\org\rauschig\jarchivelib\1.0.0\jarchivelib-1.0.0.jar;C:\Users\Lenovo\.m2\repository\org\apache\commons\commons-compress\1.18\commons-compress-1.18.jar;C:\Users\Lenovo\.m2\repository\org\seleniumhq\selenium\htmlunit-driver\2.47.1\htmlunit-driver-2.47.1.jar;C:\Users\Lenovo\.m2\repository\net\sourceforge\htmlunit\htmlunit\2.47.1\htmlunit-2.47.1.jar;C:\Users\Lenovo\.m2\repository\xalan\xalan\2.7.2\xalan-2.7.2.jar;C:\Users\Lenovo\.m2\repository\xalan\serializer\2.7.2\serializer-2.7.2.jar;C:\Users\Lenovo\.m2\repository\net\sourceforge\htmlunit\htmlunit-core-js\2.47.0\htmlunit-core-js-2.47.0.jar;C:\Users\Lenovo\.m2\repository\net\sourceforge\htmlunit\neko-htmlunit\2.47.1\neko-htmlunit-2.47.1.jar;C:\Users\Lenovo\.m2\repository\xerces\xercesImpl\2.12.0\xercesImpl-2.12.0.jar;C:\Users\Lenovo\.m2\repository\xml-apis\xml-apis\1.4.01\xml-apis-1.4.01.jar;C:\Users\Lenovo\.m2\repository\net\sourceforge\htmlunit\htmlunit-cssparser\1.7.0\htmlunit-cssparser-1.7.0.jar;C:\Users\Lenovo\.m2\repository\commons-net\commons-net\3.7.2\commons-net-3.7.2.jar;C:\Users\Lenovo\.m2\repository\org\brotli\dec\0.1.2\dec-0.1.2.jar;C:\Users\Lenovo\.m2\repository\com\shapesecurity\salvation2\3.0.0\salvation2-3.0.0.jar;C:\Users\Lenovo\.m2\repository\org\eclipse\jetty\websocket\websocket-client\9.4.36.v20210114\websocket-client-9.4.36.v20210114.jar;C:\Users\Lenovo\.m2\repository\org\eclipse\jetty\jetty-client\9.4.36.v20210114\jetty-client-9.4.36.v20210114.jar;C:\Users\Lenovo\.m2\repository\org\eclipse\jetty\jetty-http\9.4.36.v20210114\jetty-http-9.4.36.v20210114.jar;C:\Users\Lenovo\.m2\repository\org\eclipse\jetty\jetty-util\9.4.36.v20210114\jetty-util-9.4.36.v20210114.jar;C:\Users\Lenovo\.m2\repository\org\eclipse\jetty\jetty-io\9.4.36.v20210114\jetty-io-9.4.36.v20210114.jar;C:\Users\Lenovo\.m2\repository\org\eclipse\jetty\websocket\websocket-common\9.4.36.v20210114\websocket-common-9.4.36.v20210114.jar;C:\Users\Lenovo\.m2\repository\org\eclipse\jetty\websocket\websocket-api\9.4.36.v20210114\websocket-api-9.4.36.v20210114.jar;C:\Users\Lenovo\.m2\repository\com\codoid\products\fillo\1.21\fillo-1.21.jar;C:\Users\Lenovo\.m2\repository\com\googlecode\json-simple\json-simple\1.1.1\json-simple-1.1.1.jar;C:\Users\Lenovo\.m2\repository\com\opencsv\opencsv\5.3\opencsv-5.3.jar;C:\Users\Lenovo\.m2\repository\org\apache\commons\commons-text\1.9\commons-text-1.9.jar;C:\Users\Lenovo\.m2\repository\org\apache\commons\commons-collections4\4.4\commons-collections4-4.4.jar;C:\Users\Lenovo\.m2\repository\org\jsoup\jsoup\1.10.2\jsoup-1.10.2.jar;C:\Users\Lenovo\.m2\repository\junit\junit\4.13.1\junit-4.13.1.jar;C:\Users\Lenovo\.m2\repository\org\hamcrest\hamcrest-core\1.3\hamcrest-core-1.3.jar;C:\Users\Lenovo\.m2\repository\org\testng\testng\6.10\testng-6.10.jar;C:\Users\Lenovo\.m2\repository\com\beust\jcommander\1.48\jcommander-1.48.jar;C:\Users\Lenovo\.m2\repository\io\cucumber\cucumber-core\1.2.6\cucumber-core-1.2.6.jar;C:\Users\Lenovo\.m2\repository\info\cukes\cucumber-html\0.2.3\cucumber-html-0.2.3.jar;C:\Users\Lenovo\.m2\repository\info\cukes\cucumber-jvm-deps\1.0.5\cucumber-jvm-deps-1.0.5.jar;C:\Users\Lenovo\.m2\repository\info\cukes\gherkin\2.12.2\gherkin-2.12.2.jar;C:\Users\Lenovo\.m2\repository\com\aventstack\extentreports\4.0.9\extentreports-4.0.9.jar;C:\Users\Lenovo\.m2\repository\org\freemarker\freemarker\2.3.23\freemarker-2.3.23.jar;C:\Users\Lenovo\.m2\repository\org\mongodb\mongodb-driver\3.3.0\mongodb-driver-3.3.0.jar;C:\Users\Lenovo\.m2\repository\org\mongodb\mongodb-driver-core\3.3.0\mongodb-driver-core-3.3.0.jar;C:\Users\Lenovo\.m2\repository\org\mongodb\bson\3.3.0\bson-3.3.0.jar;C:\Users\Lenovo\.m2\repository\com\sun\mail\javax.mail\1.6.0\javax.mail-1.6.0.jar;C:\Users\Lenovo\.m2\repository\javax\activation\activation\1.1\activation-1.1.jar;C:\Users\Lenovo\.m2\repository\org\apache\pdfbox\pdfbox\2.0.24\pdfbox-2.0.24.jar;C:\Users\Lenovo\.m2\repository\org\apache\pdfbox\fontbox\2.0.24\fontbox-2.0.24.jar;C:\Users\Lenovo\.m2\repository\net\rcarz\jira-client\0.5\jira-client-0.5.jar;C:\Users\Lenovo\.m2\repository\net\sf\json-lib\json-lib\2.4\json-lib-2.4-jdk15.jar;C:\Users\Lenovo\.m2\repository\commons-lang\commons-lang\2.5\commons-lang-2.5.jar;C:\Users\Lenovo\.m2\repository\net\sf\ezmorph\ezmorph\1.0.6\ezmorph-1.0.6.jar;C:\Users\Lenovo\.m2\repository\joda-time\joda-time\2.3\joda-time-2.3.jar;C:\Users\Lenovo\.m2\repository\org\mockito\mockito-all\1.9.0\mockito-all-1.9.0.jar;C:\Users\Lenovo\.m2\repository\commons-httpclient\commons-httpclient\3.1\commons-httpclient-3.1.jar;"/>
    <property name="java.vm.vendor" value="Oracle Corporation"/>
    <property name="sun.arch.data.model" value="64"/>
    <property name="gwCOUNTRY" value="UnitedStates"/>
    <property name="user.variant" value=""/>
    <property name="INTERFACE" value="GUI"/>
    <property name="java.vendor.url" value="https://java.oracle.com/"/>
    <property name="user.timezone" value="Asia/Calcutta"/>
    <property name="os.name" value="Windows 10"/>
    <property name="java.vm.specification.version" value="17"/>
    <property name="sun.java.launcher" value="SUN_STANDARD"/>
    <property name="user.country" value="US"/>
    <property name="sun.boot.library.path" value="C:\Users\Lenovo\.jdks\openjdk-17.0.1\bin"/>
    <property name="sun.java.command" value="C:\Users\Lenovo\AppData\Local\Temp\surefire5641790306612121168\surefirebooter12354454453327001557.jar C:\Users\Lenovo\AppData\Local\Temp\surefire5641790306612121168 2022-04-28T18-34-22_559-jvmRun1 surefire16808244046772117650tmp surefire_03041701834990042924tmp"/>
    <property name="jdk.debug" value="release"/>
    <property name="surefire.test.class.path" value="C:\Users\Lenovo\IdeaProjects\CIG\target\test-classes;C:\Users\Lenovo\IdeaProjects\CIG\target\classes;C:\Users\Lenovo\.m2\repository\org\seleniumhq\selenium\selenium-java\3.141.59\selenium-java-3.141.59.jar;C:\Users\Lenovo\.m2\repository\org\seleniumhq\selenium\selenium-api\3.141.59\selenium-api-3.141.59.jar;C:\Users\Lenovo\.m2\repository\org\seleniumhq\selenium\selenium-chrome-driver\3.141.59\selenium-chrome-driver-3.141.59.jar;C:\Users\Lenovo\.m2\repository\org\seleniumhq\selenium\selenium-edge-driver\3.141.59\selenium-edge-driver-3.141.59.jar;C:\Users\Lenovo\.m2\repository\org\seleniumhq\selenium\selenium-firefox-driver\3.141.59\selenium-firefox-driver-3.141.59.jar;C:\Users\Lenovo\.m2\repository\org\seleniumhq\selenium\selenium-ie-driver\3.141.59\selenium-ie-driver-3.141.59.jar;C:\Users\Lenovo\.m2\repository\org\seleniumhq\selenium\selenium-opera-driver\3.141.59\selenium-opera-driver-3.141.59.jar;C:\Users\Lenovo\.m2\repository\org\seleniumhq\selenium\selenium-remote-driver\3.141.59\selenium-remote-driver-3.141.59.jar;C:\Users\Lenovo\.m2\repository\org\seleniumhq\selenium\selenium-safari-driver\3.141.59\selenium-safari-driver-3.141.59.jar;C:\Users\Lenovo\.m2\repository\org\seleniumhq\selenium\selenium-support\3.141.59\selenium-support-3.141.59.jar;C:\Users\Lenovo\.m2\repository\net\bytebuddy\byte-buddy\1.8.15\byte-buddy-1.8.15.jar;C:\Users\Lenovo\.m2\repository\org\apache\commons\commons-exec\1.3\commons-exec-1.3.jar;C:\Users\Lenovo\.m2\repository\com\google\guava\guava\25.0-jre\guava-25.0-jre.jar;C:\Users\Lenovo\.m2\repository\com\google\code\findbugs\jsr305\1.3.9\jsr305-1.3.9.jar;C:\Users\Lenovo\.m2\repository\org\checkerframework\checker-compat-qual\2.0.0\checker-compat-qual-2.0.0.jar;C:\Users\Lenovo\.m2\repository\com\google\errorprone\error_prone_annotations\2.1.3\error_prone_annotations-2.1.3.jar;C:\Users\Lenovo\.m2\repository\com\google\j2objc\j2objc-annotations\1.1\j2objc-annotations-1.1.jar;C:\Users\Lenovo\.m2\repository\org\codehaus\mojo\animal-sniffer-annotations\1.14\animal-sniffer-annotations-1.14.jar;C:\Users\Lenovo\.m2\repository\com\squareup\okhttp3\okhttp\3.11.0\okhttp-3.11.0.jar;C:\Users\Lenovo\.m2\repository\com\squareup\okio\okio\1.14.0\okio-1.14.0.jar;C:\Users\Lenovo\.m2\repository\io\appium\java-client\7.4.1\java-client-7.4.1.jar;C:\Users\Lenovo\.m2\repository\com\google\code\gson\gson\2.8.6\gson-2.8.6.jar;C:\Users\Lenovo\.m2\repository\org\apache\httpcomponents\httpclient\4.5.13\httpclient-4.5.13.jar;C:\Users\Lenovo\.m2\repository\org\apache\httpcomponents\httpcore\4.4.13\httpcore-4.4.13.jar;C:\Users\Lenovo\.m2\repository\commons-codec\commons-codec\1.11\commons-codec-1.11.jar;C:\Users\Lenovo\.m2\repository\cglib\cglib\3.3.0\cglib-3.3.0.jar;C:\Users\Lenovo\.m2\repository\org\ow2\asm\asm\7.1\asm-7.1.jar;C:\Users\Lenovo\.m2\repository\org\springframework\spring-context\5.3.1\spring-context-5.3.1.jar;C:\Users\Lenovo\.m2\repository\org\springframework\spring-aop\5.3.1\spring-aop-5.3.1.jar;C:\Users\Lenovo\.m2\repository\org\springframework\spring-beans\5.3.1\spring-beans-5.3.1.jar;C:\Users\Lenovo\.m2\repository\org\springframework\spring-core\5.3.1\spring-core-5.3.1.jar;C:\Users\Lenovo\.m2\repository\org\springframework\spring-jcl\5.3.1\spring-jcl-5.3.1.jar;C:\Users\Lenovo\.m2\repository\org\springframework\spring-expression\5.3.1\spring-expression-5.3.1.jar;C:\Users\Lenovo\.m2\repository\org\aspectj\aspectjweaver\1.9.6\aspectjweaver-1.9.6.jar;C:\Users\Lenovo\.m2\repository\org\slf4j\slf4j-api\1.7.30\slf4j-api-1.7.30.jar;C:\Users\Lenovo\.m2\repository\io\rest-assured\rest-assured\4.3.0\rest-assured-4.3.0.jar;C:\Users\Lenovo\.m2\repository\org\codehaus\groovy\groovy\3.0.2\groovy-3.0.2.jar;C:\Users\Lenovo\.m2\repository\org\codehaus\groovy\groovy-xml\3.0.2\groovy-xml-3.0.2.jar;C:\Users\Lenovo\.m2\repository\org\apache\httpcomponents\httpmime\4.5.3\httpmime-4.5.3.jar;C:\Users\Lenovo\.m2\repository\org\hamcrest\hamcrest\2.1\hamcrest-2.1.jar;C:\Users\Lenovo\.m2\repository\org\ccil\cowan\tagsoup\tagsoup\1.2.1\tagsoup-1.2.1.jar;C:\Users\Lenovo\.m2\repository\io\rest-assured\json-path\4.3.0\json-path-4.3.0.jar;C:\Users\Lenovo\.m2\repository\org\codehaus\groovy\groovy-json\3.0.2\groovy-json-3.0.2.jar;C:\Users\Lenovo\.m2\repository\io\rest-assured\rest-assured-common\4.3.0\rest-assured-common-4.3.0.jar;C:\Users\Lenovo\.m2\repository\io\rest-assured\xml-path\4.3.0\xml-path-4.3.0.jar;C:\Users\Lenovo\.m2\repository\jakarta\xml\bind\jakarta.xml.bind-api\2.3.2\jakarta.xml.bind-api-2.3.2.jar;C:\Users\Lenovo\.m2\repository\jakarta\activation\jakarta.activation-api\1.2.1\jakarta.activation-api-1.2.1.jar;C:\Users\Lenovo\.m2\repository\com\sun\xml\bind\jaxb-osgi\2.3.0.1\jaxb-osgi-2.3.0.1.jar;C:\Users\Lenovo\.m2\repository\org\apache\sling\org.apache.sling.javax.activation\0.1.0\org.apache.sling.javax.activation-0.1.0.jar;C:\Users\Lenovo\.m2\repository\org\apache\commons\commons-lang3\3.9\commons-lang3-3.9.jar;C:\Users\Lenovo\.m2\repository\commons-validator\commons-validator\1.6\commons-validator-1.6.jar;C:\Users\Lenovo\.m2\repository\commons-beanutils\commons-beanutils\1.9.2\commons-beanutils-1.9.2.jar;C:\Users\Lenovo\.m2\repository\commons-digester\commons-digester\1.8.1\commons-digester-1.8.1.jar;C:\Users\Lenovo\.m2\repository\commons-logging\commons-logging\1.2\commons-logging-1.2.jar;C:\Users\Lenovo\.m2\repository\commons-collections\commons-collections\3.2.2\commons-collections-3.2.2.jar;C:\Users\Lenovo\.m2\repository\commons-io\commons-io\2.7\commons-io-2.7.jar;C:\Users\Lenovo\.m2\repository\io\github\bonigarcia\webdrivermanager\3.7.1\webdrivermanager-3.7.1.jar;C:\Users\Lenovo\.m2\repository\org\rauschig\jarchivelib\1.0.0\jarchivelib-1.0.0.jar;C:\Users\Lenovo\.m2\repository\org\apache\commons\commons-compress\1.18\commons-compress-1.18.jar;C:\Users\Lenovo\.m2\repository\org\seleniumhq\selenium\htmlunit-driver\2.47.1\htmlunit-driver-2.47.1.jar;C:\Users\Lenovo\.m2\repository\net\sourceforge\htmlunit\htmlunit\2.47.1\htmlunit-2.47.1.jar;C:\Users\Lenovo\.m2\repository\xalan\xalan\2.7.2\xalan-2.7.2.jar;C:\Users\Lenovo\.m2\repository\xalan\serializer\2.7.2\serializer-2.7.2.jar;C:\Users\Lenovo\.m2\repository\net\sourceforge\htmlunit\htmlunit-core-js\2.47.0\htmlunit-core-js-2.47.0.jar;C:\Users\Lenovo\.m2\repository\net\sourceforge\htmlunit\neko-htmlunit\2.47.1\neko-htmlunit-2.47.1.jar;C:\Users\Lenovo\.m2\repository\xerces\xercesImpl\2.12.0\xercesImpl-2.12.0.jar;C:\Users\Lenovo\.m2\repository\xml-apis\xml-apis\1.4.01\xml-apis-1.4.01.jar;C:\Users\Lenovo\.m2\repository\net\sourceforge\htmlunit\htmlunit-cssparser\1.7.0\htmlunit-cssparser-1.7.0.jar;C:\Users\Lenovo\.m2\repository\commons-net\commons-net\3.7.2\commons-net-3.7.2.jar;C:\Users\Lenovo\.m2\repository\org\brotli\dec\0.1.2\dec-0.1.2.jar;C:\Users\Lenovo\.m2\repository\com\shapesecurity\salvation2\3.0.0\salvation2-3.0.0.jar;C:\Users\Lenovo\.m2\repository\org\eclipse\jetty\websocket\websocket-client\9.4.36.v20210114\websocket-client-9.4.36.v20210114.jar;C:\Users\Lenovo\.m2\repository\org\eclipse\jetty\jetty-client\9.4.36.v20210114\jetty-client-9.4.36.v20210114.jar;C:\Users\Lenovo\.m2\repository\org\eclipse\jetty\jetty-http\9.4.36.v20210114\jetty-http-9.4.36.v20210114.jar;C:\Users\Lenovo\.m2\repository\org\eclipse\jetty\jetty-util\9.4.36.v20210114\jetty-util-9.4.36.v20210114.jar;C:\Users\Lenovo\.m2\repository\org\eclipse\jetty\jetty-io\9.4.36.v20210114\jetty-io-9.4.36.v20210114.jar;C:\Users\Lenovo\.m2\repository\org\eclipse\jetty\websocket\websocket-common\9.4.36.v20210114\websocket-common-9.4.36.v20210114.jar;C:\Users\Lenovo\.m2\repository\org\eclipse\jetty\websocket\websocket-api\9.4.36.v20210114\websocket-api-9.4.36.v20210114.jar;C:\Users\Lenovo\.m2\repository\com\codoid\products\fillo\1.21\fillo-1.21.jar;C:\Users\Lenovo\.m2\repository\com\googlecode\json-simple\json-simple\1.1.1\json-simple-1.1.1.jar;C:\Users\Lenovo\.m2\repository\com\opencsv\opencsv\5.3\opencsv-5.3.jar;C:\Users\Lenovo\.m2\repository\org\apache\commons\commons-text\1.9\commons-text-1.9.jar;C:\Users\Lenovo\.m2\repository\org\apache\commons\commons-collections4\4.4\commons-collections4-4.4.jar;C:\Users\Lenovo\.m2\repository\org\jsoup\jsoup\1.10.2\jsoup-1.10.2.jar;C:\Users\Lenovo\.m2\repository\junit\junit\4.13.1\junit-4.13.1.jar;C:\Users\Lenovo\.m2\repository\org\hamcrest\hamcrest-core\1.3\hamcrest-core-1.3.jar;C:\Users\Lenovo\.m2\repository\org\testng\testng\6.10\testng-6.10.jar;C:\Users\Lenovo\.m2\repository\com\beust\jcommander\1.48\jcommander-1.48.jar;C:\Users\Lenovo\.m2\repository\io\cucumber\cucumber-core\1.2.6\cucumber-core-1.2.6.jar;C:\Users\Lenovo\.m2\repository\info\cukes\cucumber-html\0.2.3\cucumber-html-0.2.3.jar;C:\Users\Lenovo\.m2\repository\info\cukes\cucumber-jvm-deps\1.0.5\cucumber-jvm-deps-1.0.5.jar;C:\Users\Lenovo\.m2\repository\info\cukes\gherkin\2.12.2\gherkin-2.12.2.jar;C:\Users\Lenovo\.m2\repository\com\aventstack\extentreports\4.0.9\extentreports-4.0.9.jar;C:\Users\Lenovo\.m2\repository\org\freemarker\freemarker\2.3.23\freemarker-2.3.23.jar;C:\Users\Lenovo\.m2\repository\org\mongodb\mongodb-driver\3.3.0\mongodb-driver-3.3.0.jar;C:\Users\Lenovo\.m2\repository\org\mongodb\mongodb-driver-core\3.3.0\mongodb-driver-core-3.3.0.jar;C:\Users\Lenovo\.m2\repository\org\mongodb\bson\3.3.0\bson-3.3.0.jar;C:\Users\Lenovo\.m2\repository\com\sun\mail\javax.mail\1.6.0\javax.mail-1.6.0.jar;C:\Users\Lenovo\.m2\repository\javax\activation\activation\1.1\activation-1.1.jar;C:\Users\Lenovo\.m2\repository\org\apache\pdfbox\pdfbox\2.0.24\pdfbox-2.0.24.jar;C:\Users\Lenovo\.m2\repository\org\apache\pdfbox\fontbox\2.0.24\fontbox-2.0.24.jar;C:\Users\Lenovo\.m2\repository\net\rcarz\jira-client\0.5\jira-client-0.5.jar;C:\Users\Lenovo\.m2\repository\net\sf\json-lib\json-lib\2.4\json-lib-2.4-jdk15.jar;C:\Users\Lenovo\.m2\repository\commons-lang\commons-lang\2.5\commons-lang-2.5.jar;C:\Users\Lenovo\.m2\repository\net\sf\ezmorph\ezmorph\1.0.6\ezmorph-1.0.6.jar;C:\Users\Lenovo\.m2\repository\joda-time\joda-time\2.3\joda-time-2.3.jar;C:\Users\Lenovo\.m2\repository\org\mockito\mockito-all\1.9.0\mockito-all-1.9.0.jar;C:\Users\Lenovo\.m2\repository\commons-httpclient\commons-httpclient\3.1\commons-httpclient-3.1.jar;"/>
    <property name="sun.cpu.endian" value="little"/>
    <property name="user.home" value="C:\Users\Lenovo"/>
    <property name="user.language" value="en"/>
    <property name="java.specification.vendor" value="Oracle Corporation"/>
    <property name="java.version.date" value="2021-10-19"/>
    <property name="java.home" value="C:\Users\Lenovo\.jdks\openjdk-17.0.1"/>
    <property name="file.separator" value="\"/>
    <property name="basedir" value="C:\Users\Lenovo\IdeaProjects\CIG"/>
    <property name="java.vm.compressedOopsMode" value="Zero based"/>
    <property name="line.separator" value="&#10;"/>
    <property name="java.vm.specification.vendor" value="Oracle Corporation"/>
    <property name="java.specification.name" value="Java Platform API Specification"/>
    <property name="java.awt.headless" value="false"/>
    <property name="surefire.real.class.path" value="C:\Users\Lenovo\AppData\Local\Temp\surefire5641790306612121168\surefirebooter12354454453327001557.jar"/>
    <property name="BROWSER" value="CHROME"/>
    <property name="user.script" value=""/>
    <property name="sun.management.compiler" value="HotSpot 64-Bit Tiered Compilers"/>
    <property name="ENVIRONMENT" value="UAT"/>
    <property name="java.runtime.version" value="17.0.1+12-39"/>
    <property name="user.name" value="Pankaj"/>
    <property name="path.separator" value=";"/>
    <property name="os.version" value="10.0"/>
    <property name="java.runtime.name" value="OpenJDK Runtime Environment"/>
    <property name="file.encoding" value="Cp1252"/>
    <property name="java.vm.name" value="OpenJDK 64-Bit Server VM"/>
    <property name="localRepository" value="C:\Users\Lenovo\.m2\repository"/>
    <property name="java.vendor.url.bug" value="https://bugreport.java.com/bugreport/"/>
    <property name="java.io.tmpdir" value="C:\Users\Lenovo\AppData\Local\Temp\"/>
    <property name="idea.version" value="2021.3"/>
    <property name="java.version" value="17.0.1"/>
    <property name="user.dir" value="C:\Users\Lenovo\IdeaProjects\CIG"/>
    <property name="os.arch" value="amd64"/>
    <property name="java.vm.specification.name" value="Java Virtual Machine Specification"/>
    <property name="gwSTATE" value="Alaska"/>
    <property name="sun.os.patch.level" value=""/>
    <property name="native.encoding" value="Cp1252"/>
    <property name="java.library.path" value="C:\Users\Lenovo\.jdks\openjdk-17.0.1\bin;C:\WINDOWS\Sun\Java\bin;C:\WINDOWS\system32;C:\WINDOWS;C:\Python310\Scripts\;C:\Python310\;C:\Program Files (x86)\Common Files\Oracle\Java\javapath;C:\WINDOWS\system32;C:\WINDOWS;C:\WINDOWS\System32\Wbem;C:\WINDOWS\System32\WindowsPowerShell\v1.0\;C:\WINDOWS\System32\OpenSSH\;C:\Program Files\Java\jdk1.8.0_291\bin;C:\Program Files\apache-maven-3.8.1\bin;C:\Program Files\Java\jre1.8.0_291\bin;C:\Program Files\dotnet\;C:\Program Files\Git\cmd;C:\ProgramData\chocolatey\bin;C:\Program Files\nodejs\;C:\Users\Lenovo\AppData\Local\Microsoft\WindowsApps;C:\Program Files\JetBrains\RubyMine 2021.2.3\bin;;C:\Program Files\JetBrains\IntelliJ IDEA 2021.2.3\bin;;C:\Users\Lenovo\AppData\Local\Programs\Microsoft VS Code\bin;C:\Users\Lenovo\AppData\Roaming\npm;."/>
    <property name="java.vm.info" value="mixed mode, sharing"/>
    <property name="java.vendor" value="Oracle Corporation"/>
    <property name="java.vm.version" value="17.0.1+12-39"/>
    <property name="sun.io.unicode.encoding" value="UnicodeLittle"/>
    <property name="java.class.version" value="61.0"/>
  </properties>
  <testcase name="Smoke_Test1" classname="com.Test.Guidewire.BilllingCenter.Smoke_test" time="33.671">
    <system-out><![CDATA[[TestNGContentHandler] [WARN] It is strongly recommended to add "<!DOCTYPE suite SYSTEM "http://testng.org/testng-1.0.dtd" >" at the top of your file, otherwise TestNG may fail or not work as expected.
-------------------------------------------------------------------------
onStart
-------------------------------------------------------------------------
File Path = C:\Users\Lenovo\IdeaProjects\CIG/src/main/resources/Config.Properties
URL_BC_UAT = https://billingcenter-dev.devops.blackcombcloud.com/BillingCenter.do
File Path = C:\Users\Lenovo\IdeaProjects\CIG/src/main/resources/Config.Properties
URL_PC_UAT = http://ec2-65-2-11-216.ap-south-1.compute.amazonaws.com:8080/PolicyCenter.do
File Path = C:\Users\Lenovo\IdeaProjects\CIG/src/main/resources/Config.Properties
URL_BC_UAT = https://billingcenter-dev.devops.blackcombcloud.com/BillingCenter.do
File Path = C:\Users\Lenovo\IdeaProjects\CIG/src/main/resources/Config.Properties
URL_CC_UAT = http://ec2-3-6-92-216.ap-south-1.compute.amazonaws.com:8080/ClaimCenter.do
File Path = C:\Users\Lenovo\IdeaProjects\CIG/src/main/resources/Config.Properties
URL_CM_UAT = http://ec2-13-232-72-99.ap-south-1.compute.amazonaws.com:8080/ContactManager.do
OS=Windows 10
Username=Pankaj
Hostname=null
ENVIRONMENT=UAT
Automation report=C:\Users\Lenovo\IdeaProjects\CIG\test-output\BillingCenter\extentreports\BillingCenter.html
TestData FilePath=C:\Users\Lenovo\IdeaProjects\CIG\testdata\BillingCenter.xlsx
-------------------------------------------------------------------------
onTestStart
-------------------------------------------------------------------------
strTestCaseName Smoke_Test1
-------------------------------------------------------------------------
launching Chrome browser in OS =Windows 10
Navigated to:'https://billingcenter-dev.devops.blackcombcloud.com/BillingCenter.do'
Navigated to:'https://billingcenter-dev.devops.blackcombcloud.com/BillingCenter.do'
 executeQuery   strQuery = Select * from login WHERE PrimaryKey='SuperUser'
Found Element By : By.xpath: //input[contains(@name,'LoginDV-username')]
Element : Username command : [sendKeys] Value : [su]
Found Element By : By.xpath: //input[contains(@name,'LoginDV-password')]
Element : Password command : [sendKeys] Value : [gw]
Found Element By : By.xpath: //div[@id='Login-LoginScreen-LoginDV-submit']//div
Element : Login command : [clickAndwait] Value : [click]
 executeQuery   strQuery = Select * from master WHERE PrimaryKey='Smoke_Test1'
Found Element By : By.xpath: //div[@id='TabBar-AccountsTab']/div[3]
Element : Account Tab command : [clickAndwait] Value : [click]
Found Element By : By.xpath: //input[@name='TabBar-AccountsTab-AccountNumberSearchItem']
Element : Account Number command : [clearANDsendKeys] Value : [7250464988]
Found Element By : By.xpath: //div[@id='TabBar-AccountsTab-AccountNumberSearchItem_Button']/span
Element : AccountNumberSearch command : [clickAndwait] Value : [click]
Found Element By : By.xpath: //div[@id='AccountSummary-AccountSummaryScreen-ttlBar']//div[ @class='gw-TitleBar--title']
Found Element By : By.xpath: //div[@id='AccountSummary-AccountSummaryScreen-ttlBar']//div[ @class='gw-TitleBar--title']
Screen Header => Actual = [Account Summary] <equals> Expected = [Account Summary]
 executeQuery   strQuery = Select * from AcctSummary WHERE PrimaryKey='Smoke_Test1'
Found Element By : By.xpath: //div[@id='AccountSummary-AccountSummaryScreen-ttlBar']//div[ @class='gw-TitleBar--title']
Found Element By : By.xpath: //div[@id='AccountSummary-AccountSummaryScreen-ttlBar']//div[ @class='gw-TitleBar--title']
Screen Header => Actual = [Account Summary] <equals> Expected = [Account Summary]
Found Element By : By.xpath: //div[@id='AccountSummary-AccountSummaryScreen-Name']//div[@class='gw-ActionValueWidget']
Found Element By : By.xpath: //div[@id='AccountSummary-AccountSummaryScreen-Name']//div[@class='gw-ActionValueWidget']
AccountName => Actual = [adzcYzCee] <equals> Expected = [adzcYzCee]
Found Element By : By.xpath: //div[@id='AccountSummary-AccountSummaryScreen-PrimaryContact']//div[@class='gw-ActionValueWidget']
Found Element By : By.xpath: //div[@id='AccountSummary-AccountSummaryScreen-PrimaryContact']//div[@class='gw-ActionValueWidget']
PrimaryContact => Actual = [adzcYzCee] <equals> Expected = [adzcYzCee]
Found Element By : By.xpath: //div[@id='AccountSummary-AccountSummaryScreen-Currency']//div[@class='gw-label']
Found Element By : By.xpath: //div[@id='AccountSummary-AccountSummaryScreen-Currency']//div[@class='gw-label']
Currency => Fetched value = [USD]
Found Element By : By.xpath: //div[@id='AccountGroup-MenuLinks-AccountGroup_AccountOverview-AccountOverview_AccountDetailSummary']//div[@class='gw-label']
Element : Details command : [clickAndwait] Value : [click]
 executeQuery   strQuery = Select * from AcctDetails WHERE PrimaryKey='Smoke_Test1'
Found Element By : By.xpath: //div[@id='AccountDetailSummary-AccountDetailSummaryScreen-ttlBar']//div[ @class='gw-TitleBar--title']
Found Element By : By.xpath: //div[@id='AccountDetailSummary-AccountDetailSummaryScreen-ttlBar']//div[ @class='gw-TitleBar--title']
Screen Header => Actual = [Account Details] <equals> Expected = [Account Details]
Found Element By : By.xpath: //div[@id='AccountDetailSummary-AccountDetailSummaryScreen-AccountDetailDV-AccountName']//div[@class='gw-value-readonly-wrapper']
Found Element By : By.xpath: //div[@id='AccountDetailSummary-AccountDetailSummaryScreen-AccountDetailDV-AccountName']//div[@class='gw-value-readonly-wrapper']
Account Name => Actual = [adzcYzCee] <equals> Expected = [adzcYzCee]
Found Element By : By.xpath: //div[@id='AccountDetailSummary-AccountDetailSummaryScreen-AccountDetailDV-AccountType']//div[@class='gw-label']
Found Element By : By.xpath: //div[@id='AccountDetailSummary-AccountDetailSummaryScreen-AccountDetailDV-AccountType']//div[@class='gw-label']
AccountType => Actual = [Insured] <equals> Expected = [Insured]
Found Element By : By.xpath: //div[@id='AccountDetailSummary-AccountDetailSummaryScreen-AccountDetailDV-CreationDate']//div[@class='gw-value-readonly-wrapper']
Found Element By : By.xpath: //div[@id='AccountDetailSummary-AccountDetailSummaryScreen-AccountDetailDV-CreationDate']//div[@class='gw-value-readonly-wrapper']
Creation Date => Fetched value = [04/27/2022]
 executeQuery   strQuery = Select * from AcctDetails WHERE PrimaryKey='Smoke_Test1'
Found Element By : By.xpath: //div[@id='AccountDetailSummary-AccountDetailSummaryScreen-AccountDetailDV-AccountUnbilledAmount']//div[@class='gw-value-readonly-wrapper']
Found Element By : By.xpath: //div[@id='AccountDetailSummary-AccountDetailSummaryScreen-AccountDetailDV-AccountUnbilledAmount']//div[@class='gw-value-readonly-wrapper']
Total Un-Billed => Actual = [$1,098.80] <equals> Expected = [$1,098.80]
Found Element By : By.xpath: //div[@id='AccountGroup-MenuLinks-AccountGroup_AccountDetailContacts']//div[@class='gw-label']
Element : Contacts command : [clickAndwait] Value : [click]
 executeQuery   strQuery = Select * from Contacts WHERE PrimaryKey='Smoke_Test1'
Found Element By : By.xpath: //div[@id='AccountDetailContacts-AccountDetailContactsScreen-ttlBar']//div[ @class='gw-TitleBar--title']
Found Element By : By.xpath: //div[@id='AccountDetailContacts-AccountDetailContactsScreen-ttlBar']//div[ @class='gw-TitleBar--title']
Screen Header => Actual = [Contacts] <equals> Expected = [Contacts]
Found Element By : By.xpath: //div[contains(@id,'AccountContactDetailDV-Type')]//div[@class='gw-value-readonly-wrapper']
Found Element By : By.xpath: //div[contains(@id,'AccountContactDetailDV-Type')]//div[@class='gw-value-readonly-wrapper']
CI Type => Actual = [Company] <equals> Expected = [Company]
Found Element By : By.xpath: //div[contains(@id,'GlobalContactNameInputSet-Name')]//div[@class='gw-value-readonly-wrapper']
Found Element By : By.xpath: //div[contains(@id,'GlobalContactNameInputSet-Name')]//div[@class='gw-value-readonly-wrapper']
CI Name => Actual = [adzcYzCee] <equals> Expected = [adzcYzCee]
 executeQuery   strQuery = Select * from Contacts WHERE PrimaryKey='Smoke_Test1'
Found Element By : By.xpath: //div[@id='AccountDetailContacts-AccountDetailContactsScreen-ttlBar']//div[ @class='gw-TitleBar--title']
Found Element By : By.xpath: //div[@id='AccountDetailContacts-AccountDetailContactsScreen-ttlBar']//div[ @class='gw-TitleBar--title']
Screen Header => Actual = [Contacts] <equals> Expected = [Contacts]
Found Element By : By.xpath: //div[@id='AccountDetailContacts-AccountDetailContactsScreen-Edit']//div[@role='button']
Element : Edit Button command : [clickAndwait] Value : [click]
Found Element By : By.xpath: //div[contains(@id,'GlobalAddressInputSet-AddressLine1')]//input[@type='text']
Element : CI Address1 command : [clearANDsendKeys] Value : [123 test ]
Found Element By : By.xpath: //div[contains(@id,'GlobalAddressInputSet-AddressLine2')]//input[@type='text']
Element : CI Address2 command : [clearANDsendKeys] Value : [Ave]
Found Element By : By.xpath: //select[contains(@name,'GlobalAddressInputSet-State')]
Found Element By : By.xpath: .//option[normalize-space(.) = "Alaska"]
Element : CI State command : [selectByVisibleText] Value : [Alaska]
Found Element By : By.xpath: //div[contains(@id,'Update')]
Found Element By : By.xpath: //div[contains(@id,'Update')]
Element : Update command : [clickAndwait] Value : [click]
Found Element By : By.xpath: //div[contains(@id,'MenuActions')]/div[@role='button']/div[2]
Element : Actions command : [clickAndwait] Value : [click]
Found Element By : By.id: AccountGroup-AccountDetailMenuActions-AccountDetailMenuActions_Payments
Element : New Payment command : [moveToElement] Value : [moveToElement]
Found Element By : By.id: AccountGroup-AccountDetailMenuActions-AccountDetailMenuActions_Payments-AccountDetailMenuActions_NewDirectBillPayment
Element : New Payment command : [clickAndwait] Value : [click]
 executeQuery   strQuery = Select * from payment WHERE PrimaryKey='Smoke_Test1'
Found Element By : By.xpath: //div[contains(@id,'ttlBar')]//div[@role='heading']
Found Element By : By.xpath: //div[contains(@id,'ttlBar')]//div[@role='heading']
Direct Bill Payment => Actual = [Direct Bill Payment] <equals> Expected = [Direct Bill Payment]
Found Element By : By.xpath: //input[contains(@name,'PaymentDetailsDV-Amount')]
Element : Amount command : [sendKeys] Value : [50]
Found Element By : By.xpath: //select[contains(@name,'-PaymentInstrument')]
Element : PaymentInstrument command : [moveToElement] Value : [moveToElement]
Found Element By : By.xpath: //select[contains(@name,'-PaymentInstrument')]
Found Element By : By.xpath: .//option[normalize-space(.) = "Cash"]
Element : PaymentInstrument command : [selectByVisibleText] Value : [Cash]
Found Element By : By.xpath: //div[contains(@id,'ExecuteWithoutDistribution')]//div[@role='button']
Element : Execute Without Distribution command : [clickAndwait] Value : [click]
Found Element By : By.xpath: //div[@id='AccountGroup-MenuLinks-AccountGroup_AccountOverview-AccountOverview_AccountSummary']//div[@class='gw-label']
Element : Summary command : [clickAndwait] Value : [click]
 executeQuery   strQuery = Select * from AcctSummary WHERE PrimaryKey='Smoke_Test1'
Found Element By : By.xpath: //div[contains(@id,'TotalUnappliedAmount_button')]
Found Element By : By.xpath: //div[contains(@id,'TotalUnappliedAmount_button')]
Total Unapplied => Fetched value = [$1,550.00]
Found Element By : By.xpath: //div[@id='AccountSummary-AccountSummaryScreen-PayoffAmount']//div[@class='gw-value-readonly-wrapper']
Found Element By : By.xpath: //div[@id='AccountSummary-AccountSummaryScreen-PayoffAmount']//div[@class='gw-value-readonly-wrapper']
Pay off Amount => Fetched value = [$1,186.00]
Found Element By : By.xpath: //table[@class='gw-ListViewWidget--table gw-table']//td[contains(@id,'TotalValue_Cell')]
Found Element By : By.xpath: //table[@class='gw-ListViewWidget--table gw-table']//td[contains(@id,'TotalValue_Cell')]
TotalValue => Fetched value = [$593.00]
Found Element By : By.id: gw-TabBarWidget--settings
Element : Setting command : [clickAndwait] Value : [click]
Found Element By : By.id: TabBar-LogoutTabBarLink
Element : Logout command : [clickAndwait] Value : [click]
]]></system-out>
    <system-err><![CDATA[SLF4J: Failed to load class "org.slf4j.impl.StaticLoggerBinder".
SLF4J: Defaulting to no-operation (NOP) logger implementation
SLF4J: See http://www.slf4j.org/codes.html#StaticLoggerBinder for further details.
Starting ChromeDriver 100.0.4896.60 (6a5d10861ce8de5fce22564658033b43cb7de047-refs/branch-heads/4896@{#875}) on port 4000
Only local connections are allowed.
Please see https://chromedriver.chromium.org/security-considerations for suggestions on keeping ChromeDriver safe.
ChromeDriver was started successfully.
[1651151067.475][WARNING]: This version of ChromeDriver has not been tested with Chrome version 101.
Apr 28, 2022 6:34:27 PM org.openqa.selenium.remote.ProtocolHandshake createSession
INFO: Detected dialect: W3C
]]></system-err>
  </testcase>
</testsuite>